START-OF-LOG: 3.0
LOCATION: ENY
CALLSIGN: KI2D
CLUB: Hudson Valley Contesters And DXrs
CONTEST: NAQP-RTTY
CATEGORY-OPERATOR: SINGLE-OP
CATEGORY-ASSISTED: ASSISTED
CATEGORY-BAND: ALL
CATEGORY-MODE: RTTY
CATEGORY-POWER: LOW
CATEGORY-STATION: FIXED
CATEGORY-TRANSMITTER: ONE
CLAIMED-SCORE: 49762
OPERATORS: KI2D
NAME: Sebastian
ADDRESS: PO Box 596
ADDRESS-CITY: Woodridge
ADDRESS-STATE-PROVINCE: NY
ADDRESS-POSTALCODE: 12789
ADDRESS-COUNTRY: USA
GRID-LOCATOR: FN21RQ
EMAIL: ki2d@ki2d.net
CREATED-BY: N1MM Logger+ 1.0.9461.0
QSO: 14087 RY 2022-02-26 1801 KI2D            DAN        NY  NJ4P            ACE        TN
QSO: 14087 RY 2022-02-26 1803 KI2D            DAN        NY  AA5W            JIM        TX
QSO: 28092 RY 2022-02-26 1810 KI2D            DAN        NY  N6RO            KEN        CA
QSO: 14087 RY 2022-02-26 1812 KI2D            DAN        NY  N5KWN           TOM        TX
QSO: 28092 RY 2022-02-26 1813 KI2D            DAN        NY  W7RN            TOM        NV
QSO: 14087 RY 2022-02-26 1813 KI2D            DAN        NY  W0MB            MIKE       MO
QSO: 14087 RY 2022-02-26 1819 KI2D            DAN        NY  AB5OR           JOE        MS
QSO: 28092 RY 2022-02-26 1821 KI2D            DAN        NY  K6LL            DAVE       AZ
QSO: 28092 RY 2022-02-26 1822 KI2D            DAN        NY  ND7K            DAN        AZ
QSO: 28092 RY 2022-02-26 1823 KI2D            DAN        NY  K7RL            MITCH      WA
QSO: 14087 RY 2022-02-26 1825 KI2D            DAN        NY  V47UM           BILL       V4
QSO: 28092 RY 2022-02-26 1825 KI2D            DAN        NY  K6MM            JOHN       CA
QSO: 28092 RY 2022-02-26 1828 KI2D            DAN        NY  K6EI            JIM        CA
QSO: 28092 RY 2022-02-26 1831 KI2D            DAN        NY  AE6Y            ANDY       CA
QSO: 14087 RY 2022-02-26 1831 KI2D            DAN        NY  NA4DA           ANDY       FL
QSO: 14087 RY 2022-02-26 1833 KI2D            DAN        NY  KJ9C            MEL        MT
QSO: 14138 RY 2022-02-26 1840 KI2D            DAN        NY  AB9YC           AJ         IL
QSO: 14138 RY 2022-02-26 1842 KI2D            DAN        NY  N0AT            RON        MN
QSO: 14138 RY 2022-02-26 1843 KI2D            DAN        NY  K0YB            GLENN      MO
QSO: 14138 RY 2022-02-26 1847 KI2D            DAN        NY  K6TQ            DAVE       CA
QSO: 14138 RY 2022-02-26 1849 KI2D            DAN        NY  N9CK            STEVE      WI
QSO: 14138 RY 2022-02-26 1849 KI2D            DAN        NY  AE4Y            KENT       NC
QSO: 14138 RY 2022-02-26 1850 KI2D            DAN        NY  WB8BZK          MIKE       IL
QSO: 14138 RY 2022-02-26 1851 KI2D            DAN        NY  KB0GT           BOB        MN
QSO: 14138 RY 2022-02-26 1852 KI2D            DAN        NY  N7WY            BOB        MO
QSO: 14138 RY 2022-02-26 1852 KI2D            DAN        NY  N0UR            JIM        MN
QSO: 14138 RY 2022-02-26 1855 KI2D            DAN        NY  W4TNW           MARK       TN
QSO: 14138 RY 2022-02-26 1858 KI2D            DAN        NY  K4AFE           JOHN       TN
QSO: 14138 RY 2022-02-26 1859 KI2D            DAN        NY  AA0FO           MARSH      KS
QSO: 21081 RY 2022-02-26 1900 KI2D            DAN        NY  WA5POK          TROLL      TX
QSO: 14138 RY 2022-02-26 1901 KI2D            DAN        NY  AA4HG           SCOTT      GA
QSO: 21081 RY 2022-02-26 1902 KI2D            DAN        NY  N6IE            RON        CA
QSO: 14138 RY 2022-02-26 1903 KI2D            DAN        NY  KC9TZO          JIM        WI
QSO: 14138 RY 2022-02-26 1903 KI2D            DAN        NY  KA4JRY          GORDON     GA
QSO: 21081 RY 2022-02-26 1905 KI2D            DAN        NY  W7RN            TOM        NV
QSO: 14138 RY 2022-02-26 1908 KI2D            DAN        NY  K4BX            BILL       TN
QSO: 14138 RY 2022-02-26 1909 KI2D            DAN        NY  KB3HF           JEFF       MO
QSO: 14138 RY 2022-02-26 1910 KI2D            DAN        NY  AB0S            TIM        KS
QSO: 14138 RY 2022-02-26 1911 KI2D            DAN        NY  K0TQ            MIKE       IN
QSO: 14117 RY 2022-02-26 1915 KI2D            DAN        NY  K6UFO           MARK       CA
QSO: 14117 RY 2022-02-26 1916 KI2D            DAN        NY  AD1C            JIM        CO
QSO: 14117 RY 2022-02-26 1916 KI2D            DAN        NY  KY0Q            RICK       IL
QSO: 14117 RY 2022-02-26 1919 KI2D            DAN        NY  WB0WIV          GORDON     IA
QSO: 14117 RY 2022-02-26 1920 KI2D            DAN        NY  N9IO            CLAY       IL
QSO: 21089 RY 2022-02-26 1921 KI2D            DAN        NY  AA5AU           DON        LA
QSO: 21092 RY 2022-02-26 1923 KI2D            DAN        NY  KH6ZM           MAX        HI
QSO: 14117 RY 2022-02-26 1925 KI2D            DAN        NY  ON3AR           ALAN       DX
QSO: 14117 RY 2022-02-26 1928 KI2D            DAN        NY  K9PW            PETE       IL
QSO: 14117 RY 2022-02-26 1928 KI2D            DAN        NY  K9MMS           GARY       IL
QSO: 14117 RY 2022-02-26 1930 KI2D            DAN        NY  K6LL            DAVE       AZ
QSO: 14117 RY 2022-02-26 1930 KI2D            DAN        NY  W9TD            GARY       IL
QSO: 14117 RY 2022-02-26 1932 KI2D            DAN        NY  K9WO            STEVE      WI
QSO: 14117 RY 2022-02-26 1933 KI2D            DAN        NY  WU9D            MIKE       IL
QSO: 14117 RY 2022-02-26 1933 KI2D            DAN        NY  WB5BHS          JOHN       AR
QSO: 14117 RY 2022-02-26 1935 KI2D            DAN        NY  WB9YIG          DAVE       IN
QSO: 14117 RY 2022-02-26 1936 KI2D            DAN        NY  K7UAZ           WILBUR     AZ
QSO: 14117 RY 2022-02-26 1937 KI2D            DAN        NY  HI3MM           CESAR      HI
QSO: 21087 RY 2022-02-26 1939 KI2D            DAN        NY  N6WT            KENT       CA
QSO: 21088 RY 2022-02-26 1940 KI2D            DAN        NY  W0IZ            IZ         CO
QSO: 21089 RY 2022-02-26 1941 KI2D            DAN        NY  W5WZ            SCOTT      LA
QSO: 21090 RY 2022-02-26 1942 KI2D            DAN        NY  VE4YH           GARY       MB
QSO: 21090 RY 2022-02-26 1943 KI2D            DAN        NY  ND7K            DAN        AZ
QSO: 21092 RY 2022-02-26 1944 KI2D            DAN        NY  KF0UR           SHEL       CO
QSO: 14117 RY 2022-02-26 1945 KI2D            DAN        NY  W9FY            OLAF       IL
QSO: 21094 RY 2022-02-26 1946 KI2D            DAN        NY  K7RL            MITCH      WA
QSO: 28095 RY 2022-02-26 1948 KI2D            DAN        NY  WA5POK          TROLL      TX
QSO: 14084 RY 2022-02-26 1954 KI2D            DAN        NY  N4TB            TERRY      FL
QSO: 14086 RY 2022-02-26 1955 KI2D            DAN        NY  K4WW            BO         KY
QSO: 14087 RY 2022-02-26 1956 KI2D            DAN        NY  W0RX            DAVE       MN
QSO: 14090 RY 2022-02-26 2000 KI2D            DAN        NY  W5WZ            SCOTT      LA
QSO: 14093 RY 2022-02-26 2001 KI2D            DAN        NY  N4ZZ            DON        TN
QSO: 14099 RY 2022-02-26 2003 KI2D            DAN        NY  K9OM            DICK       FL
QSO: 14102 RY 2022-02-26 2004 KI2D            DAN        NY  N0XR            DEAN       IA
QSO: 28093 RY 2022-02-26 2006 KI2D            DAN        NY  N7XS            DEAN       WA
QSO: 28089 RY 2022-02-26 2008 KI2D            DAN        NY  KH6ZM           MAX        HI
QSO: 28084 RY 2022-02-26 2009 KI2D            DAN        NY  K7QA            TOM        MT
QSO: 28087 RY 2022-02-26 2013 KI2D            DAN        NY  W7CXX           JACK       UT
QSO: 14115 RY 2022-02-26 2018 KI2D            DAN        NY  NF4A            BUBBA      FL
QSO: 14115 RY 2022-02-26 2019 KI2D            DAN        NY  WY0V            GARY       IA
QSO: 14115 RY 2022-02-26 2020 KI2D            DAN        NY  AI9K            TIM        IL
QSO: 21107 RY 2022-02-26 2020 KI2D            DAN        NY  AD5XD           MILT       TX
QSO: 14115 RY 2022-02-26 2023 KI2D            DAN        NY  W7TMT           PAT        WA
QSO: 14115 RY 2022-02-26 2025 KI2D            DAN        NY  VA4HZ           HARM       MB
QSO: 21113 RY 2022-02-26 2025 KI2D            DAN        NY  WA8ZBT          DENNIS     TX
QSO: 14115 RY 2022-02-26 2026 KI2D            DAN        NY  WN0L            LANCE      NE
QSO:  7087 RY 2022-02-26 2108 KI2D            DAN        NY  AJ9C            MIKE       IN
QSO: 14100 RY 2022-02-26 2108 KI2D            DAN        NY  K7JQ            BOB        AZ
QSO:  7088 RY 2022-02-26 2110 KI2D            DAN        NY  AD8IG           VLAD       OH
QSO: 14100 RY 2022-02-26 2110 KI2D            DAN        NY  W0HRO           KEN        MO
QSO:  7086 RY 2022-02-26 2111 KI2D            DAN        NY  AE1P            NEIL       NH
QSO:  7085 RY 2022-02-26 2113 KI2D            DAN        NY  W4BBT           DON        NC
QSO: 14104 RY 2022-02-26 2114 KI2D            DAN        NY  K9YY            RON        IL
QSO:  7084 RY 2022-02-26 2115 KI2D            DAN        NY  N3QE            TIM        MD
QSO: 14105 RY 2022-02-26 2115 KI2D            DAN        NY  K2DFC           FRED       NJ
QSO:  7084 RY 2022-02-26 2116 KI2D            DAN        NY  K9CT            CRAIG      IL
QSO: 14108 RY 2022-02-26 2119 KI2D            DAN        NY  KA1YQC          MARK       MA
QSO: 14111 RY 2022-02-26 2122 KI2D            DAN        NY  KC4WCY          RICHARD    FL
QSO:  7088 RY 2022-02-26 2124 KI2D            DAN        NY  K8RGI           BOB        OH
QSO: 14111 RY 2022-02-26 2125 KI2D            DAN        NY  KM4FO           DWIGHT     KY
QSO: 14111 RY 2022-02-26 2125 KI2D            DAN        NY  N5CHA           TODD       TX
QSO:  7084 RY 2022-02-26 2127 KI2D            DAN        NY  VE2CSM          SYL        QC
QSO: 14111 RY 2022-02-26 2128 KI2D            DAN        NY  NW0M            MITCH      MO
QSO:  7083 RY 2022-02-26 2130 KI2D            DAN        NY  NJ4P            ACE        TN
QSO: 14111 RY 2022-02-26 2130 KI2D            DAN        NY  W9YK            TODD       IL
QSO:  7082 RY 2022-02-26 2132 KI2D            DAN        NY  KK4HEG          FRED       NC
QSO:  7082 RY 2022-02-26 2133 KI2D            DAN        NY  WT9U            JIM        IN
QSO:  7080 RY 2022-02-26 2134 KI2D            DAN        NY  VA1CHP          RICH       NS
QSO: 14111 RY 2022-02-26 2137 KI2D            DAN        NY  KC9EOQ          PAUL       IL
QSO: 14111 RY 2022-02-26 2139 KI2D            DAN        NY  AA9WP           DON        WI
QSO: 14111 RY 2022-02-26 2140 KI2D            DAN        NY  AB0H            TIM        MO
QSO: 14110 RY 2022-02-26 2142 KI2D            DAN        NY  K0IP            JOHN       ID
QSO: 14108 RY 2022-02-26 2143 KI2D            DAN        NY  N6IE            RON        CA
QSO:  7089 RY 2022-02-26 2147 KI2D            DAN        NY  AB5OR           JOE        MS
QSO:  7087 RY 2022-02-26 2149 KI2D            DAN        NY  K5VIP           BARRY      VA
QSO:  7087 RY 2022-02-26 2152 KI2D            DAN        NY  KB2CKN          SEAN       NY
QSO:  7087 RY 2022-02-26 2153 KI2D            DAN        NY  WB9YIG          DAVE       IN
QSO: 14114 RY 2022-02-26 2153 KI2D            DAN        NY  K9NR            DON        IL
QSO:  7087 RY 2022-02-26 2154 KI2D            DAN        NY  VY2LI           BILL       PE
QSO:  7087 RY 2022-02-26 2155 KI2D            DAN        NY  K9NW            MIKE       OH
QSO: 14116 RY 2022-02-26 2156 KI2D            DAN        NY  AD5XD           MILT       TX
QSO:  7087 RY 2022-02-26 2156 KI2D            DAN        NY  N2UZQ           JAMES      NY
QSO:  7087 RY 2022-02-26 2157 KI2D            DAN        NY  AE1N            LANE       NH
QSO:  7087 RY 2022-02-26 2157 KI2D            DAN        NY  AC5XK           DON        DC
QSO:  7087 RY 2022-02-26 2159 KI2D            DAN        NY  K9PW            PETE       IL
QSO:  7087 RY 2022-02-26 2159 KI2D            DAN        NY  W9JWC           LYDIA      IL
QSO:  7087 RY 2022-02-26 2200 KI2D            DAN        NY  WW3S            JIM        PA
QSO:  7087 RY 2022-02-26 2201 KI2D            DAN        NY  VA3PAF          PATRICK    ON
QSO:  7087 RY 2022-02-26 2203 KI2D            DAN        NY  VA3DEF          JIM        ON
QSO:  7087 RY 2022-02-26 2204 KI2D            DAN        NY  VE1QY           BARRY      NS
QSO:  7086 RY 2022-02-26 2204 KI2D            DAN        NY  AB3GY           TOM        PA
QSO: 14122 RY 2022-02-26 2207 KI2D            DAN        NY  ND9G            MIKE       IL
QSO:  7086 RY 2022-02-26 2207 KI2D            DAN        NY  AA8R            RANDY      FL
QSO: 14121 RY 2022-02-26 2208 KI2D            DAN        NY  W4CU            TOM        FL
QSO: 14123 RY 2022-02-26 2212 KI2D            DAN        NY  N2NF            ROBB       NJ
QSO:  7086 RY 2022-02-26 2212 KI2D            DAN        NY  N7GFB           HAROLD     NC
QSO:  7086 RY 2022-02-26 2213 KI2D            DAN        NY  K9EI            MATT       IN
QSO: 14125 RY 2022-02-26 2214 KI2D            DAN        NY  K6OK            JIM        CA
QSO:  7086 RY 2022-02-26 2214 KI2D            DAN        NY  K2ACX           BRIAN      DC
QSO:  7086 RY 2022-02-26 2214 KI2D            DAN        NY  K8RGI           BOB        OH
QSO:  7086 RY 2022-02-26 2216 KI2D            DAN        NY  N3DPB           SUSAN      MD
QSO: 14128 RY 2022-02-26 2217 KI2D            DAN        NY  KE0UI           BOB        CO
QSO: 14127 RY 2022-02-26 2218 KI2D            DAN        NY  KE3K            BOB        MI
QSO:  7086 RY 2022-02-26 2220 KI2D            DAN        NY  KI8I            DAVE       WV
QSO: 14125 RY 2022-02-26 2221 KI2D            DAN        NY  N9APK           CLARK      IL
QSO: 14125 RY 2022-02-26 2222 KI2D            DAN        NY  KA4GAV          BILL       MN
QSO:  7085 RY 2022-02-26 2222 KI2D            DAN        NY  WE9V            CHAD       WI
QSO:  7081 RY 2022-02-26 2226 KI2D            DAN        NY  K2DFC           FRED       NJ
QSO: 14125 RY 2022-02-26 2227 KI2D            DAN        NY  K3GP            GEO        OH
QSO: 14125 RY 2022-02-26 2228 KI2D            DAN        NY  N1IXF           RICH       CT
QSO:  7080 RY 2022-02-26 2228 KI2D            DAN        NY  VE3MGY          BRIAN      ON
QSO:  7085 RY 2022-02-26 2230 KI2D            DAN        NY  KB1W            LEN        MA
QSO: 14125 RY 2022-02-26 2231 KI2D            DAN        NY  W6MOB           SAM        CA
QSO: 14125 RY 2022-02-26 2231 KI2D            DAN        NY  K5ZG            HUD        CO
QSO: 14125 RY 2022-02-26 2231 KI2D            DAN        NY  W0ZQ            JON        MN
QSO: 14125 RY 2022-02-26 2232 KI2D            DAN        NY  W2ROO           JAMES      NY
QSO: 14125 RY 2022-02-26 2235 KI2D            DAN        NY  KI7DET          CHRIS      AZ
QSO:  7088 RY 2022-02-26 2235 KI2D            DAN        NY  NC1CC           DON        RI
QSO: 14125 RY 2022-02-26 2237 KI2D            DAN        NY  KG5U            DALE       TX
QSO:  7089 RY 2022-02-26 2237 KI2D            DAN        NY  AC6ZM           JUAN       TN
QSO:  7093 RY 2022-02-26 2240 KI2D            DAN        NY  K3GP            GEO        OH
QSO: 14125 RY 2022-02-26 2243 KI2D            DAN        NY  AE1P            NEIL       NH
QSO: 14130 RY 2022-02-26 2244 KI2D            DAN        NY  KI6QDH          FRED       WY
QSO:  7093 RY 2022-02-26 2246 KI2D            DAN        NY  ND4Y            DAVID      KY
QSO: 14128 RY 2022-02-26 2246 KI2D            DAN        NY  WA8ZBT          DENNIS     TX
QSO:  7091 RY 2022-02-26 2247 KI2D            DAN        NY  KA2D            TOM        NY
QSO:  7091 RY 2022-02-26 2248 KI2D            DAN        NY  AA3B            BUD        PA
QSO:  7091 RY 2022-02-26 2249 KI2D            DAN        NY  W5WZ            SCOTT      LA
QSO: 21108 RY 2022-02-26 2249 KI2D            DAN        NY  W0MB            MIKE       MO
QSO:  7088 RY 2022-02-26 2253 KI2D            DAN        NY  W3DQ            ERIC       DC
QSO: 21105 RY 2022-02-26 2254 KI2D            DAN        NY  N3RC            ROGER      CA
QSO: 21095 RY 2022-02-26 2255 KI2D            DAN        NY  K6GHA           DON        CA
QSO:  7088 RY 2022-02-26 2256 KI2D            DAN        NY  W0LSD           KEN        CO
QSO: 21098 RY 2022-02-26 2258 KI2D            DAN        NY  KL7SB           STEVE      AK
QSO: 21091 RY 2022-02-26 2300 KI2D            DAN        NY  CO2OQ           OSMANY     CM
QSO:  7087 RY 2022-02-26 2300 KI2D            DAN        NY  KI6DY           BOB        OH
QSO: 21088 RY 2022-02-26 2301 KI2D            DAN        NY  N7XS            DEAN       WA
QSO: 21082 RY 2022-02-26 2303 KI2D            DAN        NY  PU1JSV          JOSE       DX
QSO:  7084 RY 2022-02-26 2307 KI2D            DAN        NY  W0AAE           BOB        MN
QSO:  7083 RY 2022-02-26 2308 KI2D            DAN        NY  W0HRO           KEN        MO
QSO: 21099 RY 2022-02-26 2309 KI2D            DAN        NY  AJ4F            ROBIE      TX
QSO:  7085 RY 2022-02-26 2310 KI2D            DAN        NY  W4UK            JERRY      SC
QSO: 21109 RY 2022-02-26 2311 KI2D            DAN        NY  PY2NY           VITOR      DX
QSO: 14087 RY 2022-02-26 2312 KI2D            DAN        NY  W4MLB           DAN        FL
QSO: 14087 RY 2022-02-26 2316 KI2D            DAN        NY  WA5POK          TROLL      TX
QSO: 14088 RY 2022-02-26 2317 KI2D            DAN        NY  K7QA            TOM        MT
QSO:  7092 RY 2022-02-26 2317 KI2D            DAN        NY  K4XL            KEN        VA
QSO: 14090 RY 2022-02-26 2318 KI2D            DAN        NY  W0IZ            IZ         CO
QSO:  7093 RY 2022-02-26 2319 KI2D            DAN        NY  NA4DA           ANDY       FL
QSO: 14093 RY 2022-02-26 2321 KI2D            DAN        NY  KE6GLA          JAY        CA
QSO:  7096 RY 2022-02-26 2322 KI2D            DAN        NY  AD5XD           MILT       TX
QSO: 14096 RY 2022-02-26 2324 KI2D            DAN        NY  AA8R            RANDY      FL
QSO: 14102 RY 2022-02-26 2326 KI2D            DAN        NY  K6NV            BOB        CA
QSO:  7097 RY 2022-02-26 2327 KI2D            DAN        NY  KU8E            JEFF       GA
QSO: 14100 RY 2022-02-26 2328 KI2D            DAN        NY  KZ0US           KYLE       MO
QSO:  7101 RY 2022-02-26 2329 KI2D            DAN        NY  K9NR            DON        IL
QSO:  7101 RY 2022-02-26 2329 KI2D            DAN        NY  KG4W            ED         VA
QSO: 14103 RY 2022-02-26 2330 KI2D            DAN        NY  W0LSD           KEN        CO
QSO:  7098 RY 2022-02-26 2333 KI2D            DAN        NY  KC9TZO          JIM        WI
QSO: 14112 RY 2022-02-26 2334 KI2D            DAN        NY  KR7X            HANK       OR
QSO:  7098 RY 2022-02-26 2335 KI2D            DAN        NY  KW4J            BILL       AL
QSO:  7098 RY 2022-02-26 2335 KI2D            DAN        NY  K4MIL           STU        VA
QSO:  7098 RY 2022-02-26 2337 KI2D            DAN        NY  W9DP            DAN        IL
QSO: 14109 RY 2022-02-26 2338 KI2D            DAN        NY  K5WE            JEFF       OK
QSO:  7098 RY 2022-02-26 2340 KI2D            DAN        NY  NN3RP           TONY       DC
QSO:  7098 RY 2022-02-26 2341 KI2D            DAN        NY  KE4KY           TOM        KY
QSO:  7098 RY 2022-02-26 2341 KI2D            DAN        NY  VA1XH           PETER      NS
QSO:  7098 RY 2022-02-26 2342 KI2D            DAN        NY  KK4R            ROB        VA
QSO:  7098 RY 2022-02-26 2342 KI2D            DAN        NY  N9JYJ           JOHN       OK
QSO:  7098 RY 2022-02-26 2342 KI2D            DAN        NY  VE3NZ           BEN        ON
QSO: 14115 RY 2022-02-26 2343 KI2D            DAN        NY  AE0A            KURT       SD
QSO:  7098 RY 2022-02-26 2344 KI2D            DAN        NY  K0TQ            MIKE       IN
QSO:  7098 RY 2022-02-26 2345 KI2D            DAN        NY  N0LLH           GREG       KS
QSO: 14117 RY 2022-02-26 2346 KI2D            DAN        NY  W4ER            JOHN       AL
QSO:  7098 RY 2022-02-26 2346 KI2D            DAN        NY  N4ZZ            DON        TN
QSO:  7098 RY 2022-02-26 2346 KI2D            DAN        NY  KE3K            BOB        MI
QSO:  7098 RY 2022-02-26 2348 KI2D            DAN        NY  N3GTG           TOM        VA
QSO:  7098 RY 2022-02-26 2350 KI2D            DAN        NY  N4CF            MIKE       VA
QSO:  7098 RY 2022-02-26 2351 KI2D            DAN        NY  K5CS            CHAZ       AR
QSO:  7098 RY 2022-02-26 2351 KI2D            DAN        NY  K4BX            BILL       TN
QSO: 14126 RY 2022-02-26 2352 KI2D            DAN        NY  W7CXX           JACK       UT
QSO:  7098 RY 2022-02-26 2354 KI2D            DAN        NY  N4UC            ART        AL
QSO:  7098 RY 2022-02-26 2354 KI2D            DAN        NY  W4MLB           DAN        FL
QSO:  7097 RY 2022-02-27 0318 KI2D            DAN        NY  N5KWN           TOM        TX
QSO:  3566 RY 2022-02-27 0319 KI2D            DAN        NY  K4RUM           MIKE       NY
QSO:  3566 RY 2022-02-27 0321 KI2D            DAN        NY  N9TF            GENE       TN
QSO:  3567 RY 2022-02-27 0322 KI2D            DAN        NY  AC9S            KEITH      IL
QSO:  3568 RY 2022-02-27 0323 KI2D            DAN        NY  KM4FO           DWIGHT     KY
QSO:  7097 RY 2022-02-27 0323 KI2D            DAN        NY  W8MYL           ROY        WY
QSO:  3569 RY 2022-02-27 0324 KI2D            DAN        NY  AC6ZM           JUAN       TN
QSO:  7098 RY 2022-02-27 0326 KI2D            DAN        NY  AA4DD           DAVE       TN
QSO:  7099 RY 2022-02-27 0327 KI2D            DAN        NY  NN6NN           DOC        CA
QSO:  7103 RY 2022-02-27 0330 KI2D            DAN        NY  N0EO            NEO        MN
QSO:  7105 RY 2022-02-27 0331 KI2D            DAN        NY  WA4IPU          BRUCE      FL
QSO:  7109 RY 2022-02-27 0333 KI2D            DAN        NY  KE0UI           BOB        CO
QSO:  7112 RY 2022-02-27 0334 KI2D            DAN        NY  N7XS            DEAN       WA
QSO:  7112 RY 2022-02-27 0335 KI2D            DAN        NY  AJ6V            ED         CA
QSO:  7117 RY 2022-02-27 0336 KI2D            DAN        NY  K7UAZ           WILBUR     AZ
QSO:  7118 RY 2022-02-27 0337 KI2D            DAN        NY  N9CK            STEVE      WI
QSO:  7122 RY 2022-02-27 0338 KI2D            DAN        NY  KI6QDH          FRED       WY
QSO:  7123 RY 2022-02-27 0340 KI2D            DAN        NY  N3HEE           JOE        SC
QSO:  3572 RY 2022-02-27 0340 KI2D            DAN        NY  KS9W            BOB        CO
QSO:  3572 RY 2022-02-27 0341 KI2D            DAN        NY  W9JWC           LYDIA      IL
QSO:  7107 RY 2022-02-27 0341 KI2D            DAN        NY  VE3KTB          PIERRE     ON
QSO:  3576 RY 2022-02-27 0342 KI2D            DAN        NY  N1MGO           BAMBI      MA
QSO:  3577 RY 2022-02-27 0343 KI2D            DAN        NY  WW3S            JIM        PA
QSO:  3577 RY 2022-02-27 0344 KI2D            DAN        NY  NE1C            PABLO      MA
QSO:  3578 RY 2022-02-27 0345 KI2D            DAN        NY  W5WZ            SCOTT      LA
QSO:  7100 RY 2022-02-27 0346 KI2D            DAN        NY  ND7K            DAN        AZ
QSO:  3578 RY 2022-02-27 0347 KI2D            DAN        NY  VE3NZ           BEN        ON
QSO:  3578 RY 2022-02-27 0348 KI2D            DAN        NY  K5VIP           BARRY      VA
QSO:  3578 RY 2022-02-27 0348 KI2D            DAN        NY  K4GM            GEORGE     VA
QSO:  3578 RY 2022-02-27 0350 KI2D            DAN        NY  N1IXF           RICH       CT
QSO:  3578 RY 2022-02-27 0350 KI2D            DAN        NY  KB3AAY          RON        MD
QSO:  3578 RY 2022-02-27 0351 KI2D            DAN        NY  VE3KI           RICH       ON
QSO:  3578 RY 2022-02-27 0352 KI2D            DAN        NY  N6DW            DANA       VA
QSO:  7097 RY 2022-02-27 0352 KI2D            DAN        NY  K9YY            RON        IL
QSO:  7096 RY 2022-02-27 0353 KI2D            DAN        NY  K7RI            TOM        WA
QSO:  3578 RY 2022-02-27 0354 KI2D            DAN        NY  AF1R            ANN        MA
QSO:  3578 RY 2022-02-27 0354 KI2D            DAN        NY  AH2O            DENNIS     NY
QSO:  3578 RY 2022-02-27 0355 KI2D            DAN        NY  K4PZC           MOON       VA
QSO:  3578 RY 2022-02-27 0355 KI2D            DAN        NY  AE6J            BILL       NH
QSO:  3578 RY 2022-02-27 0356 KI2D            DAN        NY  AB3GY           TOM        PA
QSO:  7094 RY 2022-02-27 0357 KI2D            DAN        NY  K7RL            MITCH      WA
QSO:  7093 RY 2022-02-27 0357 KI2D            DAN        NY  K5WE            JEFF       OK
QSO:  7092 RY 2022-02-27 0358 KI2D            DAN        NY  N0XR            DEAN       IA
QSO:  3578 RY 2022-02-27 0359 KI2D            DAN        NY  KZ0US           KYLE       MO
QSO:  3578 RY 2022-02-27 0400 KI2D            DAN        NY  KE3K            BOB        MI
QSO:  3578 RY 2022-02-27 0401 KI2D            DAN        NY  K0VG            VERN       MN
QSO:  3578 RY 2022-02-27 0402 KI2D            DAN        NY  W7II            BILL       IA
QSO:  7090 RY 2022-02-27 0404 KI2D            DAN        NY  N7ZUF           JAY        WA
QSO:  3578 RY 2022-02-27 0404 KI2D            DAN        NY  KC8YDS          STEVE      OH
QSO:  3578 RY 2022-02-27 0406 KI2D            DAN        NY  KI8I            DAVE       WV
QSO:  3578 RY 2022-02-27 0406 KI2D            DAN        NY  N9NA            JOHN       AZ
QSO:  3578 RY 2022-02-27 0407 KI2D            DAN        NY  AA3LX           BRUCE      PA
QSO:  3578 RY 2022-02-27 0407 KI2D            DAN        NY  VE3NE           LALI       ON
QSO:  3578 RY 2022-02-27 0408 KI2D            DAN        NY  N7WY            BOB        MO
QSO:  3578 RY 2022-02-27 0409 KI2D            DAN        NY  K2RET           BOB        NJ
QSO:  3578 RY 2022-02-27 0410 KI2D            DAN        NY  N8CC            JEFF       MI
QSO:  7088 RY 2022-02-27 0410 KI2D            DAN        NY  KC4LZN          JOHN       FL
QSO:  3578 RY 2022-02-27 0411 KI2D            DAN        NY  AB0S            TIM        KS
QSO:  3578 RY 2022-02-27 0413 KI2D            DAN        NY  K9WX            TIM        IN
QSO:  3578 RY 2022-02-27 0416 KI2D            DAN        NY  AE1P            NEIL       NH
QSO:  7086 RY 2022-02-27 0417 KI2D            DAN        NY  K5AM            MARK       NM
QSO:  3578 RY 2022-02-27 0419 KI2D            DAN        NY  K3GP            GEO        OH
QSO:  7085 RY 2022-02-27 0419 KI2D            DAN        NY  KK6P            PAUL       CA
QSO:  7083 RY 2022-02-27 0420 KI2D            DAN        NY  K6GHA           DON        CA
QSO:  3578 RY 2022-02-27 0421 KI2D            DAN        NY  K8LF            JAY        VA
QSO:  3578 RY 2022-02-27 0421 KI2D            DAN        NY  N3DPB           SUSAN      MD
QSO:  3578 RY 2022-02-27 0422 KI2D            DAN        NY  WA1OJN          BOB        MA
QSO:  3578 RY 2022-02-27 0422 KI2D            DAN        NY  WA2QAU          BOB        NY
QSO:  3578 RY 2022-02-27 0423 KI2D            DAN        NY  W5AP            JIM        CO
QSO:  3578 RY 2022-02-27 0424 KI2D            DAN        NY  AA4DD           DAVE       TN
QSO:  7081 RY 2022-02-27 0425 KI2D            DAN        NY  W7RN            TOM        NV
QSO:  3578 RY 2022-02-27 0425 KI2D            DAN        NY  KI6DY           BOB        OH
QSO:  3578 RY 2022-02-27 0426 KI2D            DAN        NY  N2YNF           HECTOR     NJ
QSO:  3578 RY 2022-02-27 0428 KI2D            DAN        NY  AA3B            BUD        PA
QSO:  3578 RY 2022-02-27 0428 KI2D            DAN        NY  VE3MCF          DOUG       ON
QSO:  3578 RY 2022-02-27 0430 KI2D            DAN        NY  WB2NFL          BOB        NY
QSO:  3578 RY 2022-02-27 0431 KI2D            DAN        NY  VA7MAY          MAY        BC
QSO:  3578 RY 2022-02-27 0432 KI2D            DAN        NY  VA3DF           DOUG       ON
QSO:  3578 RY 2022-02-27 0433 KI2D            DAN        NY  N6WT            KENT       CA
QSO:  7087 RY 2022-02-27 0436 KI2D            DAN        NY  KL7SB           STEVE      AK
QSO:  3578 RY 2022-02-27 0438 KI2D            DAN        NY  W1DYJ           LARRY      MA
QSO:  3578 RY 2022-02-27 0439 KI2D            DAN        NY  KW4J            BILL       AL
QSO:  7089 RY 2022-02-27 0440 KI2D            DAN        NY  WB5BHS          JOHN       AR
QSO:  3578 RY 2022-02-27 0440 KI2D            DAN        NY  WB8BZK          MIKE       IL
QSO:  3578 RY 2022-02-27 0442 KI2D            DAN        NY  VE3KTB          PIERRE     ON
QSO:  3578 RY 2022-02-27 0445 KI2D            DAN        NY  N4ZZ            DON        TN
QSO:  3578 RY 2022-02-27 0446 KI2D            DAN        NY  NS4X            BART       TN
QSO:  3578 RY 2022-02-27 0446 KI2D            DAN        NY  N3QE            TIM        MD
QSO:  3578 RY 2022-02-27 0448 KI2D            DAN        NY  K6LL            DAVE       AZ
QSO:  3578 RY 2022-02-27 0449 KI2D            DAN        NY  VE3MGY          BRIAN      ON
QSO:  7101 RY 2022-02-27 0450 KI2D            DAN        NY  WA8ZBT          DENNIS     TX
QSO:  3578 RY 2022-02-27 0452 KI2D            DAN        NY  W8WTS           JIM        OH
QSO:  7087 RY 2022-02-27 0453 KI2D            DAN        NY  WB6JJJ          BILL       OR
QSO:  7086 RY 2022-02-27 0454 KI2D            DAN        NY  KP4/K6DTT       ALAN       KP4
QSO:  3578 RY 2022-02-27 0454 KI2D            DAN        NY  N2LEE           LEE        VA
QSO:  3579 RY 2022-02-27 0455 KI2D            DAN        NY  W7RN            TOM        NV
QSO:  3580 RY 2022-02-27 0456 KI2D            DAN        NY  VE3EY           NICK       ON
QSO:  3581 RY 2022-02-27 0457 KI2D            DAN        NY  WW4LL           FRED       ME
QSO:  7089 RY 2022-02-27 0458 KI2D            DAN        NY  N6RO            KEN        CA
QSO:  3584 RY 2022-02-27 0501 KI2D            DAN        NY  K9CS            FRED       IL
QSO:  7089 RY 2022-02-27 0503 KI2D            DAN        NY  W7TMT           PAT        WA
QSO:  7089 RY 2022-02-27 0504 KI2D            DAN        NY  K4YDE           MIKE       FL
QSO:  7089 RY 2022-02-27 0505 KI2D            DAN        NY  WG0Y            DAVID      FL
QSO:  3586 RY 2022-02-27 0506 KI2D            DAN        NY  K3MM            TY         MD
QSO:  7086 RY 2022-02-27 0512 KI2D            DAN        NY  W6EU            JIM        CA
QSO:  7086 RY 2022-02-27 0512 KI2D            DAN        NY  N6IE            RON        CA
QSO:  7086 RY 2022-02-27 0513 KI2D            DAN        NY  W7CO            BOB        OR
QSO:  7086 RY 2022-02-27 0514 KI2D            DAN        NY  K0RC            BOB        MN
QSO:  7086 RY 2022-02-27 0515 KI2D            DAN        NY  K8TR            RANDY      CA
QSO:  7086 RY 2022-02-27 0516 KI2D            DAN        NY  W4SYV           RICH       FL
QSO:  3590 RY 2022-02-27 0516 KI2D            DAN        NY  WA5POK          TROLL      TX
QSO:  3590 RY 2022-02-27 0517 KI2D            DAN        NY  4U1WB           MASA       DC
QSO:  7086 RY 2022-02-27 0518 KI2D            DAN        NY  WA3LXD          DAVE       FL
QSO:  3591 RY 2022-02-27 0519 KI2D            DAN        NY  N0XR            DEAN       IA
QSO:  7086 RY 2022-02-27 0520 KI2D            DAN        NY  WA5LFD          RICH       TX
QSO:  3593 RY 2022-02-27 0522 KI2D            DAN        NY  AD5XD           MILT       TX
QSO:  7086 RY 2022-02-27 0523 KI2D            DAN        NY  K4AFE           JOHN       TN
QSO:  7086 RY 2022-02-27 0525 KI2D            DAN        NY  WU6X            DENNIS     CA
QSO:  7086 RY 2022-02-27 0525 KI2D            DAN        NY  KD0XD           RICK       IA
QSO:  7086 RY 2022-02-27 0526 KI2D            DAN        NY  K6UFO           MARK       CA
QSO:  3593 RY 2022-02-27 0526 KI2D            DAN        NY  K8JQ            STEVE      WV
QSO:  7086 RY 2022-02-27 0527 KI2D            DAN        NY  N4TB            TERRY      FL
QSO:  7086 RY 2022-02-27 0528 KI2D            DAN        NY  KE0ITC          SCOTT      IA
QSO:  3595 RY 2022-02-27 0529 KI2D            DAN        NY  KG5U            DALE       TX
QSO:  3582 RY 2022-02-27 0532 KI2D            DAN        NY  KC4TNQ          LES        TN
QSO:  3581 RY 2022-02-27 0534 KI2D            DAN        NY  N0KQ            BILL       CO
QSO:  3581 RY 2022-02-27 0535 KI2D            DAN        NY  N9CK            STEVE      WI
QSO:  7093 RY 2022-02-27 0537 KI2D            DAN        NY  AL2F            TUNA       AK
QSO:  3581 RY 2022-02-27 0541 KI2D            DAN        NY  N3AML           MIKE       MD
QSO:  3572 RY 2022-02-27 0545 KI2D            DAN        NY  WT2P            CJ         IL
QSO:  3567 RY 2022-02-27 0547 KI2D            DAN        NY  AC7S            JOHN       OR
QSO:  7096 RY 2022-02-27 0547 KI2D            DAN        NY  K6EI            JIM        CA
QSO:  3563 RY 2022-02-27 0548 KI2D            DAN        NY  KJ5T            STEVE      TX
QSO:  3578 RY 2022-02-27 0553 KI2D            DAN        NY  KP4/K6DTT       ALAN       KP4
QSO:  3578 RY 2022-02-27 0554 KI2D            DAN        NY  KE0UI           BOB        CO
QSO:  3582 RY 2022-02-27 0555 KI2D            DAN        NY  KK9V            MIKE       IN
QSO:  3588 RY 2022-02-27 0557 KI2D            DAN        NY  K6UFO           MARK       CA
QSO:  3584 RY 2022-02-27 0559 KI2D            DAN        NY  K7RI            TOM        WA
END-OF-LOG:
