START-OF-LOG: 3.0
Created-By: Manually by Sebastian Delmont
CONTEST: WFD
CALLSIGN: K2SUL
LOCATION: Woodridge, NY
ARRL-SECTION: ENY
CATEGORY: 2O
CATEGORY-POWER: LOW
SOAPBOX: 500 points for not using commercial power
SOAPBOX: 500 points for setting up outdoors
SOAPBOX: 500 points for setting up away from home
SOAPBOX: BONUS Total 1500
SOAPBOX: Some photos from our station at https://twitter.com/sd/status/1487569574706954246
CLAIMED-SCORE: 1980
OPERATORS: KC2OQV, KC3EUJ, KD2RYX, KI2D, KN2X, NG2B, W2COD
NAME: John Lavelle
ADDRESS: 376 Wilsey Valley Rd
ADDRESS-CITY: Wurtsboro
ADDRESS-STATE: NY
ADDRESS-POSTALCODE: 12790
ADDRESS-COUNTRY: USA
EMAIL: ki2d@ki2d.net
QSO:	7200	PH	2022-01-29	1905	K2SUL	2O	ENY	K2GAV	1H	NV
QSO:	7200	PH	2022-01-29	1906	K2SUL	2O	ENY	W2WCR	2I	NNY
QSO:	7200	PH	2022-01-29	1909	K2SUL	2O	ENY	WA2FON	1H	ENY
QSO:	7200	PH	2022-01-29	1910	K2SUL	2O	ENY	ND1X	1H	CT
QSO:	7200	PH	2022-01-29	1911	K2SUL	2O	ENY	K4FMI	1H	NC
QSO:	7200	PH	2022-01-29	1915	K2SUL	2O	ENY	W3EIC	1H	MDC
QSO:	7200	PH	2022-01-29	1915	K2SUL	2O	ENY	WE4DX	1H	WMA
QSO:	7200	PH	2022-01-29	1948	K2SUL	2O	ENY	K8SAS	1H	OH
QSO:	7200	PH	2022-01-29	1955	K2SUL	2O	ENY	WA3SFJ	1O	MDC
QSO:	7200	PH	2022-01-29	1955	K2SUL	2O	ENY	W2EML	1H	NNY
QSO:	7200	PH	2022-01-29	2015	K2SUL	2O	ENY	WB3J	1H	WPA
QSO:	7200	PH	2022-01-29	2015	K2SUL	2O	ENY	W4WMD	1H	VA
QSO:	7200	PH	2022-01-29	2031	K2SUL	2O	ENY	KC1MEB	1H	CT
QSO:	7200	PH	2022-01-29	2035	K2SUL	2O	ENY	KD8SEO	1H	MI
QSO:	7200	PH	2022-01-29	2037	K2SUL	2O	ENY	N1JUR	1H	NH
QSO:	7200	PH	2022-01-29	2040	K2SUL	2O	ENY	W4GSO	1O	NC
QSO:	7200	PH	2022-01-29	2044	K2SUL	2O	ENY	KB4OI	1H	NC
QSO:	7200	PH	2022-01-29	2114	K2SUL	2O	ENY	VE2FTX	2I	QC
QSO:	21317	PH	2022-01-29	1905	K2SUL	2O	ENY	WG0AT	2O	CO
QSO:	14195	PH	2022-01-29	1910	K2SUL	2O	ENY	W0A	1H	IA
QSO:	14153	PH	2022-01-29	1919	K2SUL	2O	ENY	N4DDM	1H	GA
QSO:	14183	PH	2022-01-29	1922	K2SUL	2O	ENY	N9TDE	1H	SD
QSO:	14222	PH	2022-01-29	1931	K2SUL	2O	ENY	K4AHC	3I	AL
QSO:	14160	PH	2022-01-29	1936	K2SUL	2O	ENY	VA6DJ	1H	AB
QSO:	14177	PH	2022-01-29	1938	K2SUL	2O	ENY	KD4IYD	1H	AL
QSO:	14183	PH	2022-01-29	1940	K2SUL	2O	ENY	KY4CW	1O	KY
QSO:	14191	PH	2022-01-29	1944	K2SUL	2O	ENY	K4EX	1I	WCF
QSO:	14191	PH	2022-01-29	1945	K2SUL	2O	ENY	AC9WR	1H	TN
QSO:	14191	PH	2022-01-29	1945	K2SUL	2O	ENY	K4ELI	1H	GA
QSO:	14191	PH	2022-01-29	1952	K2SUL	2O	ENY	WB5YBZ	1O	OK
QSO:	14191	PH	2022-01-29	1953	K2SUL	2O	ENY	W1JKV	1H	GA
QSO:	14191	PH	2022-01-29	1954	K2SUL	2O	ENY	KC6UCN	1H	WTX
QSO:	14191	PH	2022-01-29	1957	K2SUL	2O	ENY	NM0S	1I	IA
QSO:	14191	PH	2022-01-29	1958	K2SUL	2O	ENY	AI7JU	1O	UT
QSO:	14191	PH	2022-01-29	1958	K2SUL	2O	ENY	AK0IM	1O	NFL
QSO:	14191	PH	2022-01-29	2000	K2SUL	2O	ENY	KG5VW	1O	OK
QSO:	14191	PH	2022-01-29	2001	K2SUL	2O	ENY	VE6LQ	1H	AB
QSO:	14191	PH	2022-01-29	2001	K2SUL	2O	ENY	KD4YDD	1H	GA
QSO:	14191	PH	2022-01-29	2002	K2SUL	2O	ENY	KN4JCA	1H	TN
QSO:	14191	PH	2022-01-29	2002	K2SUL	2O	ENY	K4SHW	1H	GA
QSO:	14191	PH	2022-01-29	2009	K2SUL	2O	ENY	KC0LQL	2I	MN
QSO:	14191	PH	2022-01-29	2014	K2SUL	2O	ENY	VE7TOM	1H	BC
QSO:	14191	PH	2022-01-29	2016	K2SUL	2O	ENY	WR4MG	5O	GA
QSO:	14191	PH	2022-01-29	2017	K2SUL	2O	ENY	N8EYF	1H	SFL
QSO:	14191	PH	2022-01-29	2017	K2SUL	2O	ENY	KF7VXA	1H	ID
QSO:	14191	PH	2022-01-29	2018	K2SUL	2O	ENY	K4AHC	3I	AL
QSO:	14191	PH	2022-01-29	2019	K2SUL	2O	ENY	N4MCC	1H	TN
QSO:	14191	PH	2022-01-29	2021	K2SUL	2O	ENY	VE3FAL	1O	ONN
QSO:	14191	PH	2022-01-29	2022	K2SUL	2O	ENY	KJ4JTQ	1H	SFL
QSO:	14191	PH	2022-01-29	2022	K2SUL	2O	ENY	K1MWH	1H	TN
QSO:	14191	PH	2022-01-29	2024	K2SUL	2O	ENY	TI2AZ	1O	DX
QSO:	14191	PH	2022-01-29	2029	K2SUL	2O	ENY	VE3MXJ	2I	ONN
QSO:	14191	PH	2022-01-29	2030	K2SUL	2O	ENY	N6YEL	1H	CO
QSO:	14191	PH	2022-01-29	2032	K2SUL	2O	ENY	W7EEU	1O	OR
QSO:	14191	PH	2022-01-29	2033	K2SUL	2O	ENY	AE3TB	1H	CO
QSO:	14191	PH	2022-01-29	2033	K2SUL	2O	ENY	KB5BLZ	1H	OK
QSO:	14191	PH	2022-01-29	2035	K2SUL	2O	ENY	AD4UL	1H	SFL
QSO:	14191	PH	2022-01-29	2036	K2SUL	2O	ENY	WA4GNL	1H	AL
QSO:	14191	PH	2022-01-29	2036	K2SUL	2O	ENY	N4DAB	3O	NFL
QSO:	14191	PH	2022-01-29	2039	K2SUL	2O	ENY	KS6F	1H	ORG
QSO:	14191	PH	2022-01-29	2039	K2SUL	2O	ENY	W9BDN	1H	IL
QSO:	14191	PH	2022-01-29	2041	K2SUL	2O	ENY	KK4PJ	1H	NFL
QSO:	14191	PH	2022-01-29	2041	K2SUL	2O	ENY	KA8VHF	1H	MN
QSO:	14191	PH	2022-01-29	2043	K2SUL	2O	ENY	K0OP	1H	ND
QSO:	14191	PH	2022-01-29	2044	K2SUL	2O	ENY	N4KGL	1O	NFL
QSO:	14195	PH	2022-01-29	2112	K2SUL	2O	ENY	W0A	1H	IA
QSO:	14157	PH	2022-01-29	2116	K2SUL	2O	ENY	W4CVY	3O	GA
QSO:	14192	PH	2022-01-29	2126	K2SUL	2O	ENY	KD4IYD	1H	AL
QSO:	14226	PH	2022-01-29	2129	K2SUL	2O	ENY	KD0JTR	1O	KS
QSO:	14232	PH	2022-01-29	2133	K2SUL	2O	ENY	WB8ITK	1H	SFL
QSO:	21300	PH	2022-01-29	2141	K2SUL	2O	ENY	KA5D	1O	STX
QSO:	14275	PH	2022-01-29	2151	K2SUL	2O	ENY	W2ODH	1I	NTX
QSO:	7200	PH	2022-01-30	1540	K2SUL	2O	ENY	KC3JPP	1H	MDC
QSO:	7200	PH	2022-01-30	1548	K2SUL	2O	ENY	W1OC	1H	NH
QSO:	7200	PH	2022-01-30	1553	K2SUL	2O	ENY	W3RRR	5I	EPA
QSO:	7200	PH	2022-01-30	1601	K2SUL	2O	ENY	K4XY	2O	VA
QSO:	7200	PH	2022-01-30	1606	K2SUL	2O	ENY	WA2CNV	1H	NLI
QSO:	7200	PH	2022-01-30	1108	K2SUL	2O	ENY	K4XY	2O	VA
QSO:	7200	PH	2022-01-30	1612	K2SUL	2O	ENY	KB2FMH	1O	ENY
QSO:	14200	PH	2022-01-30	1627	K2SUL	2O	ENY	KI9K	4I	IN
QSO:	21200	PH	2022-01-30	1630	K2SUL	2O	ENY	KJ4NDO	1H	WCF
QSO:	21200	PH	2022-01-30	1637	K2SUL	2O	ENY	NV4H	1H	WCF
QSO:	14197	PH	2022-01-30	1559	K2SUL	2O	ENY	VA6DBS	1H	AB
QSO:	14187	PH	2022-01-30	1600	K2SUL	2O	ENY	KV0I	1H	NE
QSO:	14203	PH	2022-01-30	1602	K2SUL	2O	ENY	AA4CS	1O	NFL
QSO:	14206	PH	2022-01-30	1603	K2SUL	2O	ENY	AE0MR	1H	MO
QSO:	14206	PH	2022-01-30	1603	K2SUL	2O	ENY	AD0DB	1H	MN
QSO:	14206	PH	2022-01-30	1603	K2SUL	2O	ENY	KB4TV	1H	TN
QSO:	14206	PH	2022-01-30	1605	K2SUL	2O	ENY	K4BKV	3O	NFL
QSO:	14206	PH	2022-01-30	1605	K2SUL	2O	ENY	N7WY	1I	MO
QSO:	14206	PH	2022-01-30	1606	K2SUL	2O	ENY	W8LYO	1H	OH
QSO:	14206	PH	2022-01-30	1608	K2SUL	2O	ENY	KK4XA	1I	TN
QSO:	14206	PH	2022-01-30	1608	K2SUL	2O	ENY	KO4PQT	1H	NC
QSO:	14206	PH	2022-01-30	1608	K2SUL	2O	ENY	KE5TC	1I	AR
QSO:	14206	PH	2022-01-30	1609	K2SUL	2O	ENY	KC0DWZ	1H	MN
QSO:	14206	PH	2022-01-30	1611	K2SUL	2O	ENY	W5SH	3O	NTX
QSO:	14206	PH	2022-01-30	1613	K2SUL	2O	ENY	KC9ACL	1H	IN
QSO:	14206	PH	2022-01-30	1613	K2SUL	2O	ENY	AI4GR	1H	NC
QSO:	14206	PH	2022-01-30	1614	K2SUL	2O	ENY	WO9G	2H	IN
QSO:	14206	PH	2022-01-30	1615	K2SUL	2O	ENY	KK4FEZ	1I	NC
QSO:	14217	PH	2022-01-30	1621	K2SUL	2O	ENY	WE1E	1H	NFL
QSO:	7247	PH	2022-01-30	1628	K2SUL	2O	ENY	NG4C	1O	NC
QSO:	7247	PH	2022-01-30	1628	K2SUL	2O	ENY	WX4Q	1H	NC
QSO:	7247	PH	2022-01-30	1629	K2SUL	2O	ENY	K3QY	3I	WPA
QSO:	7247	PH	2022-01-30	1629	K2SUL	2O	ENY	VA3OV	1H	GTA
QSO:	7247	PH	2022-01-30	1630	K2SUL	2O	ENY	KC1MEB	1H	CT
QSO:	7247	PH	2022-01-30	1630	K2SUL	2O	ENY	WB4TSN	1H	NC
QSO:	7247	PH	2022-01-30	1631	K2SUL	2O	ENY	AB8OU	1H	OH
QSO:	7247	PH	2022-01-30	1631	K2SUL	2O	ENY	KG4AKV	1H	NC
QSO:	7247	PH	2022-01-30	1632	K2SUL	2O	ENY	WA3HLC	1H	WPA
QSO:	7247	PH	2022-01-30	1632	K2SUL	2O	ENY	VE3PTA	1H	ONE
QSO:	7247	PH	2022-01-30	1632	K2SUL	2O	ENY	VA2CF	1H	QC
QSO:	7247	PH	2022-01-30	1632	K2SUL	2O	ENY	KA2YRA	1O	ENY
QSO:	7247	PH	2022-01-30	1633	K2SUL	2O	ENY	N8FTJ	1H	OH
QSO:	7247	PH	2022-01-30	1633	K2SUL	2O	ENY	VE3DLS	1H	ONS
QSO:	7247	PH	2022-01-30	1634	K2SUL	2O	ENY	W2WCF	1H	MDC
QSO:	7247	PH	2022-01-30	1634	K2SUL	2O	ENY	VA3IMW	1H	GTA
QSO:	7247	PH	2022-01-30	1635	K2SUL	2O	ENY	KD2RVN	1H	WNY
QSO:	7247	PH	2022-01-30	1635	K2SUL	2O	ENY	KN3A	1I	EPA
QSO:	7247	PH	2022-01-30	1636	K2SUL	2O	ENY	K3URT	1H	EPA
QSO:	7247	PH	2022-01-30	1636	K2SUL	2O	ENY	KN4GUS	1O	NC
QSO:	7247	PH	2022-01-30	1637	K2SUL	2O	ENY	KC1NHG	1O	MDC
QSO:	7247	PH	2022-01-30	1638	K2SUL	2O	ENY	VA3KRT	1H	ONE
QSO:	7247	PH	2022-01-30	1638	K2SUL	2O	ENY	W9GO	2I	IN
QSO:	7247	PH	2022-01-30	1639	K2SUL	2O	ENY	KC4ZZE	1H	NC
QSO:	7247	PH	2022-01-30	1642	K2SUL	2O	ENY	W3PIE	3H	WPA
QSO:	7247	PH	2022-01-30	1642	K2SUL	2O	ENY	N3CU	1H	EPA
QSO:	7247	PH	2022-01-30	1643	K2SUL	2O	ENY	N1MRI	1H	CT
QSO:	7247	PH	2022-01-30	1644	K2SUL	2O	ENY	K1PQ	1I	ME
QSO:	7247	PH	2022-01-30	1644	K2SUL	2O	ENY	NU3A	1H	DE
QSO:	7247	PH	2022-01-30	1644	K2SUL	2O	ENY	VE2NGO	1H	QC
QSO:	7247	PH	2022-01-30	1646	K2SUL	2O	ENY	VE3IDT	1H	ONS
QSO:	7247	PH	2022-01-30	1646	K2SUL	2O	ENY	W2FDH	1H	SNJ
QSO:	7247	PH	2022-01-30	1647	K2SUL	2O	ENY	KO4EBY	1O	VA
QSO:	7247	PH	2022-01-30	1647	K2SUL	2O	ENY	VE3AND	1H	ONE
QSO:	7247	PH	2022-01-30	1148	K2SUL	2O	ENY	KB1LTW	1H	CT
QSO:	7247	PH	2022-01-30	1649	K2SUL	2O	ENY	KD4RWH	1H	NC
QSO:	7247	PH	2022-01-30	1649	K2SUL	2O	ENY	AB1XQ	1H	VT
QSO:	7247	PH	2022-01-30	1651	K2SUL	2O	ENY	KB3VQC	2H	MDC
QSO:	7247	PH	2022-01-30	1651	K2SUL	2O	ENY	N8FRJ	1H	OH
QSO:	7247	PH	2022-01-30	1652	K2SUL	2O	ENY	AA2FD	1H	VA
QSO:	7247	PH	2022-01-30	1652	K2SUL	2O	ENY	VE3GJP	1H	GTA
QSO:	7247	PH	2022-01-30	1652	K2SUL	2O	ENY	N3WS	1O	WPA
QSO:	7247	PH	2022-01-30	1654	K2SUL	2O	ENY	KD8WCJ	1H	OH
QSO:	7247	PH	2022-01-30	1654	K2SUL	2O	ENY	VA3PDC	2O	ONS
QSO:	7247	PH	2022-01-30	1655	K2SUL	2O	ENY	KK4ADQ	1H	VA
QSO:	7247	PH	2022-01-30	1657	K2SUL	2O	ENY	K3HMA	1H	MDC
QSO:	7247	PH	2022-01-30	1657	K2SUL	2O	ENY	VE3FZ	1H	ONE
QSO:	7247	PH	2022-01-30	1657	K2SUL	2O	ENY	W3DFP	1I	DE
QSO:	7247	PH	2022-01-30	1657	K2SUL	2O	ENY	N8WCP	1H	OH
QSO:	7247	PH	2022-01-30	1659	K2SUL	2O	ENY	K2SQS	1H	SNJ
QSO:	7247	PH	2022-01-30	1700	K2SUL	2O	ENY	N2MTG	1H	ENY
QSO:	7247	PH	2022-01-30	1700	K2SUL	2O	ENY	VE3WI	1H	ONS
QSO:	7247	PH	2022-01-30	1700	K2SUL	2O	ENY	N4BQQ	2I	SC
QSO:	7247	PH	2022-01-30	1700	K2SUL	2O	ENY	W8MSC	1I	MI
QSO:	7247	PH	2022-01-30	1703	K2SUL	2O	ENY	VE3YTN	1O	ONS
QSO:	7247	PH	2022-01-30	1704	K2SUL	2O	ENY	K1TIG	1H	NH
QSO:	7247	PH	2022-01-30	1704	K2SUL	2O	ENY	KI4RBI	1H	NC
QSO:	7247	PH	2022-01-30	1705	K2SUL	2O	ENY	WA3LXD	1H	WFL
QSO:	7247	PH	2022-01-30	1706	K2SUL	2O	ENY	K3EFS	1H	EPA
QSO:	7247	PH	2022-01-30	1706	K2SUL	2O	ENY	W2EMS	1H	ENY
QSO:	7247	PH	2022-01-30	1706	K2SUL	2O	ENY	W8VID	4I	OH
QSO:	7247	PH	2022-01-30	1715	K2SUL	2O	ENY	KC2LEB	1H	EPA
QSO:	7247	PH	2022-01-30	1725	K2SUL	2O	ENY	NA1CN	1H	CT
QSO:	7247	PH	2022-01-30	1735	K2SUL	2O	ENY	W1JGM	1H	CT
END-OF-LOG:
